<?xml version="1.0" encoding="UTF-8"?>
<!-- Generated by org.testng.reporters.JUnitReportReporter -->
<testsuite hostname="DESKTOP-5HPM073" name="com.sbs.qa.testcases.RentalPageTest" tests="3" failures="0" timestamp="12 Feb 2018 03:33:36 GMT" time="63.610" errors="0">
  <testcase name="verifyRentalPageTitle" time="20.792" classname="com.sbs.qa.testcases.RentalPageTest"/>
  <testcase name="verifyOrderRentalLink" time="19.325" classname="com.sbs.qa.testcases.RentalPageTest"/>
  <testcase name="verifyRentalPagelable" time="23.493" classname="com.sbs.qa.testcases.RentalPageTest"/>
</testsuite> <!-- com.sbs.qa.testcases.RentalPageTest -->
