<?xml version="1.0" encoding="UTF-8"?>
<!-- Generated by org.testng.reporters.JUnitReportReporter -->
<testsuite hostname="DESKTOP-5HPM073" name="com.sbs.qa.testcases.RentalPageTest" tests="3" failures="0" timestamp="13 Feb 2018 04:04:39 GMT" time="65.391" errors="0">
  <testcase name="verifyRentalPageTitle" time="22.825" classname="com.sbs.qa.testcases.RentalPageTest"/>
  <testcase name="verifyRentalPagelable" time="20.419" classname="com.sbs.qa.testcases.RentalPageTest"/>
  <testcase name="verifyOrderRentalLink" time="22.147" classname="com.sbs.qa.testcases.RentalPageTest"/>
</testsuite> <!-- com.sbs.qa.testcases.RentalPageTest -->
